Build started 4/11/2015 11:40:52 AM.
     1>Project "C:\Users\Derik\Desktop\MidProject\MidProject\MidProject.vcxproj" on node 2 (Build target(s)).
     1>ClCompile:
         C:\Program Files (x86)\Microsoft Visual Studio 12.0\VC\bin\CL.exe /c /IC:\Users\Derik\Desktop\MidProject\MidProject\Lib/ /IC:\Users\Derik\Desktop\MidProject\MidProject\Lib/glfw3/Include /IC:\Users\Derik\Desktop\MidProject\MidProject\Lib/glew/Include /ZI /nologo /W3 /WX- /Od /Oy- /D WIN32 /D _DEBUG /D _CONSOLE /D _LIB /D _UNICODE /D UNICODE /Gm /EHsc /RTC1 /MDd /GS /fp:precise /Zc:wchar_t /Zc:forScope /Fo"Debug\\" /Fd"Debug\vc120.pdb" /Gd /TP /analyze- /errorReport:prompt Source.cpp
         Source.cpp
     1>c:\users\derik\desktop\midproject\midproject\ground.h(15): error C2144: syntax error : 'Vertex3' should be preceded by ':'
     1>c:\users\derik\desktop\midproject\midproject\source.cpp(33): error C2248: 'Ground::vertices' : cannot access private member declared in class 'Ground'
                 c:\users\derik\desktop\midproject\midproject\ground.h(15) : see declaration of 'Ground::vertices'
                 c:\users\derik\desktop\midproject\midproject\ground.h(13) : see declaration of 'Ground'
     1>Done Building Project "C:\Users\Derik\Desktop\MidProject\MidProject\MidProject.vcxproj" (Build target(s)) -- FAILED.

Build FAILED.

Time Elapsed 00:00:00.82
